[0104/101145:ERROR:renderer_main.cc(203)] Running without renderer sandbox
[0104/101145:ERROR:block_files.cc(477)] Failed to open C:\Users\quangao\AppData\Local\Tencent\Minibrowser\UserData\data_0
[0104/101145:ERROR:cache_util_win.cc(20)] Unable to move the cache: 5
[0104/101145:ERROR:cache_util.cc(132)] Unable to move cache folder C:\Users\quangao\AppData\Local\Tencent\Minibrowser\UserData to C:\Users\quangao\AppData\Local\Tencent\Minibrowser\old_UserData_000
[0104/101145:ERROR:cache_creator.cc(133)] Unable to create cache
[0104/101146:ERROR:child_discardable_shared_memory_manager.cc(266)] size: 4194304
[0104/101146:INFO:CONSOLE(2)] "喜欢看豆瓣的代码，还是发现了什么bug？不如和我们一起为豆瓣添砖加瓦吧！
http://jobs.douban.com/#position-zsqd", source: https://img3.doubanio.com/f/shire/f010949d3f23dd7c972ad7cb40b800bf70723c93/js/douban.js (2)
[0104/101146:ERROR:child_discardable_shared_memory_manager.cc(266)] size: 10100736
[0104/101146:ERROR:child_discardable_shared_memory_manager.cc(266)] size: 4194304
[0104/101146:ERROR:child_discardable_shared_memory_manager.cc(266)] size: 10100736
[0104/101146:ERROR:child_discardable_shared_memory_manager.cc(266)] size: 4194304
[0104/101148:INFO:CONSOLE(112)] "Uncaught RangeError: Maximum call stack size exceeded", source:  (112)
[0104/101149:INFO:CONSOLE(1)] "[Warning]: ad_slot: null is not exist", source: https://img3.doubanio.com/f/adjs/039f4c0c15b5aa50e8bb29995dd17286658d78b5/ad.release.js (1)
[0104/101149:INFO:CONSOLE(1)] "[Warning]: dale_group_topic_new_top_right2 content is empty", source: https://img3.doubanio.com/f/adjs/039f4c0c15b5aa50e8bb29995dd17286658d78b5/ad.release.js (1)
[0104/101149:INFO:CONSOLE(1)] "[Warning]: dale_group_topic_new_top_right_large content is empty", source: https://img3.doubanio.com/f/adjs/039f4c0c15b5aa50e8bb29995dd17286658d78b5/ad.release.js (1)
[0104/101149:INFO:CONSOLE(1)] "[Warning]: dale_group_topic_doublemint content is empty", source: https://img3.doubanio.com/f/adjs/039f4c0c15b5aa50e8bb29995dd17286658d78b5/ad.release.js (1)
[0104/101149:INFO:CONSOLE(1)] "[Warning]: dale_group_topic_new_download_middle content is empty", source: https://img3.doubanio.com/f/adjs/039f4c0c15b5aa50e8bb29995dd17286658d78b5/ad.release.js (1)
[0104/101149:INFO:CONSOLE(1)] "[Warning]: dale_group_topic_new_top_right_large content is empty", source: https://img3.doubanio.com/f/adjs/039f4c0c15b5aa50e8bb29995dd17286658d78b5/ad.release.js (1)
[0104/101149:INFO:CONSOLE(1)] "[Warning]: dale_group_topic_doublemint content is empty", source: https://img3.doubanio.com/f/adjs/039f4c0c15b5aa50e8bb29995dd17286658d78b5/ad.release.js (1)
[0104/101149:INFO:CONSOLE(1)] "[Warning]: dale_group_topic_new_top_right2 content is empty", source: https://img3.doubanio.com/f/adjs/039f4c0c15b5aa50e8bb29995dd17286658d78b5/ad.release.js (1)
[0104/101149:INFO:CONSOLE(1)] "[Warning]: dale_group_topic_new_download_middle content is empty", source: https://img3.doubanio.com/f/adjs/039f4c0c15b5aa50e8bb29995dd17286658d78b5/ad.release.js (1)
[0104/101149:INFO:CONSOLE(1)] "[Warning]: dale_group_topic_new_top_right_large content is empty", source: https://img3.doubanio.com/f/adjs/039f4c0c15b5aa50e8bb29995dd17286658d78b5/ad.release.js (1)
[0104/101149:INFO:CONSOLE(1)] "[Warning]: dale_group_topic_new_top_right2 content is empty", source: https://img3.doubanio.com/f/adjs/039f4c0c15b5aa50e8bb29995dd17286658d78b5/ad.release.js (1)
[0104/101149:INFO:CONSOLE(1)] "[Warning]: dale_group_topic_doublemint content is empty", source: https://img3.doubanio.com/f/adjs/039f4c0c15b5aa50e8bb29995dd17286658d78b5/ad.release.js (1)
[0104/101149:INFO:CONSOLE(1)] "[Warning]: dale_group_topic_new_download_middle content is empty", source: https://img3.doubanio.com/f/adjs/039f4c0c15b5aa50e8bb29995dd17286658d78b5/ad.release.js (1)
[0104/101150:ERROR:child_discardable_shared_memory_manager.cc(266)] size: 10100736
[0104/101150:ERROR:child_discardable_shared_memory_manager.cc(266)] size: 4194304
[0104/101150:ERROR:child_discardable_shared_memory_manager.cc(266)] size: 4194304
[0104/101157:ERROR:child_discardable_shared_memory_manager.cc(266)] size: 10100736
[0104/101157:ERROR:child_discardable_shared_memory_manager.cc(266)] size: 4194304
[0104/101207:ERROR:child_discardable_shared_memory_manager.cc(266)] size: 10100736
[0104/101207:ERROR:child_discardable_shared_memory_manager.cc(266)] size: 4194304
[0104/101208:ERROR:child_discardable_shared_memory_manager.cc(266)] size: 10100736
[0104/101208:ERROR:child_discardable_shared_memory_manager.cc(266)] size: 4194304
[0104/101208:ERROR:child_discardable_shared_memory_manager.cc(266)] size: 10100736
[0104/101208:ERROR:child_discardable_shared_memory_manager.cc(266)] size: 4194304
[0104/101230:ERROR:child_discardable_shared_memory_manager.cc(266)] size: 10100736
[0104/101230:ERROR:child_discardable_shared_memory_manager.cc(266)] size: 4194304
[0104/101230:ERROR:child_discardable_shared_memory_manager.cc(266)] size: 4194304
[0104/101352:INFO:CONSOLE(2)] "喜欢看豆瓣的代码，还是发现了什么bug？不如和我们一起为豆瓣添砖加瓦吧！
http://jobs.douban.com/#position-zsqd", source: https://img3.doubanio.com/f/shire/f010949d3f23dd7c972ad7cb40b800bf70723c93/js/douban.js (2)
[0104/101353:INFO:CONSOLE(112)] "Uncaught RangeError: Maximum call stack size exceeded", source:  (112)
